<?xml version="1.0" encoding="UTF-8"?>
<!-- Generated by org.testng.reporters.JUnitReportReporter -->
<testsuite hostname="LAPTOP-FUHO406K" failures="0" tests="7" name="com.qa.hubspot.tests.HomePageTest" time="0.035" errors="1" timestamp="2025-04-17T15:21:04 IST" skipped="6">
  <testcase classname="com.qa.hubspot.tests.HomePageTest" name="homeSetup" time="0.035">
    <error message="Cannot invoke &quot;java.util.Properties.getProperty(String)&quot; because &quot;this.prop&quot; is null" type="java.lang.NullPointerException">
      <![CDATA[java.lang.NullPointerException: Cannot invoke "java.util.Properties.getProperty(String)" because "this.prop" is null
at com.qa.hubspot.tests.HomePageTest.homeSetup(HomePageTest.java:17)
at java.base/jdk.internal.reflect.DirectMethodHandleAccessor.invoke(DirectMethodHandleAccessor.java:103)
at java.base/java.lang.reflect.Method.invoke(Method.java:580)
at org.testng.internal.MethodInvocationHelper.invokeMethod(MethodInvocationHelper.java:133)
at org.testng.internal.MethodInvocationHelper.invokeMethodConsideringTimeout(MethodInvocationHelper.java:62)
at org.testng.internal.ConfigInvoker.invokeConfigurationMethod(ConfigInvoker.java:385)
at org.testng.internal.ConfigInvoker.invokeConfigurations(ConfigInvoker.java:321)
at org.testng.internal.TestMethodWorker.invokeBeforeClassMethods(TestMethodWorker.java:176)
at org.testng.internal.TestMethodWorker.run(TestMethodWorker.java:122)
at java.base/java.util.ArrayList.forEach(ArrayList.java:1597)
at org.testng.TestRunner.privateRun(TestRunner.java:794)
at org.testng.TestRunner.run(TestRunner.java:596)
at org.testng.SuiteRunner.runTest(SuiteRunner.java:377)
at org.testng.SuiteRunner.access$000(SuiteRunner.java:28)
at org.testng.SuiteRunner$SuiteWorker.run(SuiteRunner.java:418)
at org.testng.internal.thread.ThreadUtil.lambda$execute$0(ThreadUtil.java:64)
at java.base/java.util.concurrent.FutureTask.run(FutureTask.java:317)
at java.base/java.util.concurrent.ThreadPoolExecutor.runWorker(ThreadPoolExecutor.java:1144)
at java.base/java.util.concurrent.ThreadPoolExecutor$Worker.run(ThreadPoolExecutor.java:642)
at java.base/java.lang.Thread.run(Thread.java:1575)
]]>
    </error>
  </testcase> <!-- homeSetup -->
  <system-out/>
  <testcase classname="com.qa.hubspot.tests.HomePageTest" name="verifyHomePageTitle" time="0.000">
    <skipped/>
  </testcase> <!-- verifyHomePageTitle -->
  <system-out/>
  <testcase classname="com.qa.hubspot.tests.HomePageTest" name="verifyHomePageTitle" time="0.000">
    <skipped/>
  </testcase> <!-- verifyHomePageTitle -->
  <system-out/>
  <testcase classname="com.qa.hubspot.tests.HomePageTest" name="verifyLoggedInUserTest">
    <skipped/>
  </testcase> <!-- verifyLoggedInUserTest -->
  <system-out/>
  <testcase classname="com.qa.hubspot.tests.HomePageTest" name="verifyLoggedInUserTest">
    <skipped/>
  </testcase> <!-- verifyLoggedInUserTest -->
  <system-out/>
  <testcase classname="com.qa.hubspot.tests.HomePageTest" name="verifyHomePageHeader">
    <skipped/>
  </testcase> <!-- verifyHomePageHeader -->
  <system-out/>
  <testcase classname="com.qa.hubspot.tests.HomePageTest" name="verifyHomePageHeader">
    <skipped/>
  </testcase> <!-- verifyHomePageHeader -->
  <system-out/>
</testsuite> <!-- com.qa.hubspot.tests.HomePageTest -->
